🔧 Loading library from: /home/adam/Nextcloud/Projects/image_library/Aethelon/library.json
🔧 Library data loaded successfully, type: <class 'dict'>
🔧 Library keys: ['library_name', 'images', 'projects', 'similar_images', 'metadata', 'active_caption_profile', 'caption_profiles']
🔧 Images data type: <class 'list'>, length: 379
🔧 Creating ImageList from directory: /home/adam/Nextcloud/Projects/image_library/Aethelon/images
🔧 ImageList created successfully
🔧 Creating ImageLibrary instance...
✅ Library loaded successfully: Aethelon
Discovered plugin: RemoveDuplicateTagsPlugin from remove_duplicates
Discovered plugin: DatasetBalancerPlugin from dataset_balancer
Discovered plugin: ExportCaptionsPlugin from export_captions
Discovered plugin: CaptionProfilePlugin from caption_profile
[DEBUG] FilterWindow: Loaded 400 tags
[DEBUG] Sample tags: ['default:anime style', 'default:cha_sc', 'default:close up', 'default:clouds', 'default:crude drawing']
[DEBUG] FilterWindow: Loaded 400 tags
[DEBUG] Sample tags: ['default:anime style', 'default:cha_sc', 'default:close up', 'default:clouds', 'default:crude drawing']
[DEBUG] Filter search query: 'c', available tags: 400
[DEBUG] Fuzzy search returned 375 matches
[DEBUG] Showing 10 suggestions
[DEBUG] Filter search query: 'cl', available tags: 400
[DEBUG] Fuzzy search returned 4 matches
[DEBUG] Showing 4 suggestions
[DEBUG] Filter search query: 'c', available tags: 400
[DEBUG] Fuzzy search returned 375 matches
[DEBUG] Showing 10 suggestions
[DEBUG] Filter search query: 'd', available tags: 400
[DEBUG] Fuzzy search returned 355 matches
[DEBUG] Showing 10 suggestions
[DEBUG] Filter search query: 'de', available tags: 400
[DEBUG] Fuzzy search returned 22 matches
[DEBUG] Showing 10 suggestions
[DEBUG] Filter search query: 'd', available tags: 400
[DEBUG] Fuzzy search returned 355 matches
[DEBUG] Showing 10 suggestions
[DEBUG] Filter search query: 'i', available tags: 400
[DEBUG] Fuzzy search returned 341 matches
[DEBUG] Showing 10 suggestions
[DEBUG] Filter search query: 'im', available tags: 400
[DEBUG] Fuzzy search returned 7 matches
[DEBUG] Showing 7 suggestions
[DEBUG] Filter search query: 'imp', available tags: 400
[DEBUG] Fuzzy search returned 2 matches
[DEBUG] Showing 2 suggestions
[DEBUG] Filter search query: 'impo', available tags: 400
[DEBUG] Fuzzy search returned 2 matches
[DEBUG] Showing 2 suggestions
[DEBUG] Filter search query: 'impor', available tags: 400
[DEBUG] Fuzzy search returned 2 matches
[DEBUG] Showing 2 suggestions
[DEBUG] FilterWindow: Loaded 400 tags
[DEBUG] Sample tags: ['default:anime style', 'default:cha_sc', 'default:close up', 'default:clouds', 'default:crude drawing']
[DEBUG] TagWindow: Loaded 400 tags
[DEBUG] Sample tags: ['default:anime style', 'default:cha_sc', 'default:close up', 'default:clouds', 'default:crude drawing']
[DEBUG] TagWindow: Loaded 400 tags
[DEBUG] Sample tags: ['default:anime style', 'default:cha_sc', 'default:close up', 'default:clouds', 'default:crude drawing']
[DEBUG] Search query: 'd', available tags: 400
[DEBUG] Fuzzy search returned 355 matches
[DEBUG] Showing 10 suggestions
[DEBUG] Search query: 'de', available tags: 400
[DEBUG] Fuzzy search returned 22 matches
[DEBUG] Showing 10 suggestions
[DEBUG] Search query: 'default:from above', available tags: 400
[DEBUG] Fuzzy search returned 5 matches
[DEBUG] Showing 5 suggestions
[DEBUG] FilterWindow: Loaded 400 tags
[DEBUG] Sample tags: ['default:anime style', 'default:cha_sc', 'default:close up', 'default:clouds', 'default:crude drawing']
[DEBUG] TagWindow: Loaded 400 tags
[DEBUG] Sample tags: ['default:anime style', 'default:cha_sc', 'default:close up', 'default:clouds', 'default:crude drawing']
[DEBUG] FilterWindow: Loaded 400 tags
[DEBUG] Sample tags: ['default:anime style', 'default:cha_sc', 'default:close up', 'default:clouds', 'default:crude drawing']
[DEBUG] TagWindow: Loaded 400 tags
[DEBUG] Sample tags: ['default:anime style', 'default:cha_sc', 'default:close up', 'default:clouds', 'default:crude drawing']
[DEBUG] FilterWindow: Loaded 400 tags
[DEBUG] Sample tags: ['default:anime style', 'default:cha_sc', 'default:close up', 'default:clouds', 'default:crude drawing']
[DEBUG] TagWindow: Loaded 400 tags
[DEBUG] Sample tags: ['default:anime style', 'default:cha_sc', 'default:close up', 'default:clouds', 'default:crude drawing']
[DEBUG] FilterWindow: Loaded 400 tags
[DEBUG] Sample tags: ['default:anime style', 'default:cha_sc', 'default:close up', 'default:clouds', 'default:crude drawing']
[DEBUG] TagWindow: Loaded 400 tags
[DEBUG] Sample tags: ['default:anime style', 'default:cha_sc', 'default:close up', 'default:clouds', 'default:crude drawing']
[DEBUG] FilterWindow: Loaded 400 tags
[DEBUG] Sample tags: ['default:anime style', 'default:cha_sc', 'default:close up', 'default:clouds', 'default:crude drawing']
[DEBUG] TagWindow: Loaded 400 tags
[DEBUG] Sample tags: ['default:anime style', 'default:cha_sc', 'default:close up', 'default:clouds', 'default:crude drawing']
[DEBUG] FilterWindow: Loaded 400 tags
[DEBUG] Sample tags: ['default:anime style', 'default:cha_sc', 'default:close up', 'default:clouds', 'default:crude drawing']
[DEBUG] TagWindow: Loaded 400 tags
[DEBUG] Sample tags: ['default:anime style', 'default:cha_sc', 'default:close up', 'default:clouds', 'default:crude drawing']
[DEBUG] FilterWindow: Loaded 400 tags
[DEBUG] Sample tags: ['default:anime style', 'default:cha_sc', 'default:close up', 'default:clouds', 'default:crude drawing']
[DEBUG] TagWindow: Loaded 400 tags
[DEBUG] Sample tags: ['default:anime style', 'default:cha_sc', 'default:close up', 'default:clouds', 'default:crude drawing']
[DEBUG] FilterWindow: Loaded 400 tags
[DEBUG] Sample tags: ['default:anime style', 'default:cha_sc', 'default:close up', 'default:clouds', 'default:crude drawing']
[DEBUG] TagWindow: Loaded 400 tags
[DEBUG] Sample tags: ['default:anime style', 'default:cha_sc', 'default:close up', 'default:clouds', 'default:crude drawing']
[DEBUG] FilterWindow: Loaded 2 tags
[DEBUG] Sample tags: ['meta:imported: 2025-10-31 13:14', 'name:dreamina-2025-10-23-3522-create 6 none overlapping character refe....1.jpeg']
[DEBUG] TagWindow: Loaded 2 tags
[DEBUG] Sample tags: ['meta:imported: 2025-10-31 13:14', 'name:dreamina-2025-10-23-3522-create 6 none overlapping character refe....1.jpeg']
[DEBUG] FilterWindow: Loaded 2 tags
[DEBUG] Sample tags: ['meta:imported: 2025-10-31 13:14', 'name:dreamina-2025-10-23-3522-create 6 none overlapping character refe....1.jpeg']
[DEBUG] TagWindow: Loaded 2 tags
[DEBUG] Sample tags: ['meta:imported: 2025-10-31 13:14', 'name:dreamina-2025-10-23-3522-create 6 none overlapping character refe....1.jpeg']
[DEBUG] FilterWindow: Loaded 400 tags
[DEBUG] Sample tags: ['default:anime style', 'default:cha_sc', 'default:close up', 'default:clouds', 'default:crude drawing']
[DEBUG] TagWindow: Loaded 400 tags
[DEBUG] Sample tags: ['default:anime style', 'default:cha_sc', 'default:close up', 'default:clouds', 'default:crude drawing']
[DEBUG] FilterWindow: Loaded 400 tags
[DEBUG] Sample tags: ['default:anime style', 'default:cha_sc', 'default:close up', 'default:clouds', 'default:crude drawing']
[DEBUG] TagWindow: Loaded 400 tags
[DEBUG] Sample tags: ['default:anime style', 'default:cha_sc', 'default:close up', 'default:clouds', 'default:crude drawing']
[DEBUG] FilterWindow: Loaded 2 tags
[DEBUG] Sample tags: ['meta:imported: 2025-10-31 13:14', 'name:dreamina-2025-10-23-3522-create 6 none overlapping character refe....1.jpeg']
[DEBUG] TagWindow: Loaded 2 tags
[DEBUG] Sample tags: ['meta:imported: 2025-10-31 13:14', 'name:dreamina-2025-10-23-3522-create 6 none overlapping character refe....1.jpeg']
[DEBUG] FilterWindow: Loaded 2 tags
[DEBUG] Sample tags: ['meta:imported: 2025-10-31 13:14', 'name:dreamina-2025-10-23-3522-create 6 none overlapping character refe....1.jpeg']
[DEBUG] TagWindow: Loaded 2 tags
[DEBUG] Sample tags: ['meta:imported: 2025-10-31 13:14', 'name:dreamina-2025-10-23-3522-create 6 none overlapping character refe....1.jpeg']
[DEBUG] FilterWindow: Loaded 400 tags
[DEBUG] Sample tags: ['default:anime style', 'default:cha_sc', 'default:close up', 'default:clouds', 'default:crude drawing']
[DEBUG] TagWindow: Loaded 400 tags
[DEBUG] Sample tags: ['default:anime style', 'default:cha_sc', 'default:close up', 'default:clouds', 'default:crude drawing']
[DEBUG] FilterWindow: Loaded 400 tags
[DEBUG] Sample tags: ['default:anime style', 'default:cha_sc', 'default:close up', 'default:clouds', 'default:crude drawing']
[DEBUG] TagWindow: Loaded 400 tags
[DEBUG] Sample tags: ['default:anime style', 'default:cha_sc', 'default:close up', 'default:clouds', 'default:crude drawing']
[DEBUG] FilterWindow: Loaded 400 tags
[DEBUG] Sample tags: ['default:anime style', 'default:cha_sc', 'default:close up', 'default:clouds', 'default:crude drawing']
[DEBUG] TagWindow: Loaded 400 tags
[DEBUG] Sample tags: ['default:anime style', 'default:cha_sc', 'default:close up', 'default:clouds', 'default:crude drawing']
[DEBUG] FilterWindow: Loaded 400 tags
[DEBUG] Sample tags: ['default:anime style', 'default:cha_sc', 'default:close up', 'default:clouds', 'default:crude drawing']
[DEBUG] TagWindow: Loaded 400 tags
[DEBUG] Sample tags: ['default:anime style', 'default:cha_sc', 'default:close up', 'default:clouds', 'default:crude drawing']
[DEBUG] FilterWindow: Loaded 400 tags
[DEBUG] Sample tags: ['default:anime style', 'default:cha_sc', 'default:close up', 'default:clouds', 'default:crude drawing']
[DEBUG] TagWindow: Loaded 400 tags
[DEBUG] Sample tags: ['default:anime style', 'default:cha_sc', 'default:close up', 'default:clouds', 'default:crude drawing']
[DEBUG] FilterWindow: Loaded 400 tags
[DEBUG] Sample tags: ['default:anime style', 'default:cha_sc', 'default:close up', 'default:clouds', 'default:crude drawing']
[DEBUG] TagWindow: Loaded 400 tags
[DEBUG] Sample tags: ['default:anime style', 'default:cha_sc', 'default:close up', 'default:clouds', 'default:crude drawing']
[DEBUG] FilterWindow: Loaded 400 tags
[DEBUG] Sample tags: ['default:anime style', 'default:cha_sc', 'default:close up', 'default:clouds', 'default:crude drawing']
[DEBUG] TagWindow: Loaded 400 tags
[DEBUG] Sample tags: ['default:anime style', 'default:cha_sc', 'default:close up', 'default:clouds', 'default:crude drawing']
[DEBUG] FilterWindow: Loaded 400 tags
[DEBUG] Sample tags: ['default:anime style', 'default:cha_sc', 'default:close up', 'default:clouds', 'default:crude drawing']
[DEBUG] TagWindow: Loaded 400 tags
[DEBUG] Sample tags: ['default:anime style', 'default:cha_sc', 'default:close up', 'default:clouds', 'default:crude drawing']
[DEBUG] FilterWindow: Loaded 400 tags
[DEBUG] Sample tags: ['default:anime style', 'default:cha_sc', 'default:close up', 'default:clouds', 'default:crude drawing']
[DEBUG] TagWindow: Loaded 400 tags
[DEBUG] Sample tags: ['default:anime style', 'default:cha_sc', 'default:close up', 'default:clouds', 'default:crude drawing']
[DEBUG] FilterWindow: Loaded 400 tags
[DEBUG] Sample tags: ['default:anime style', 'default:cha_sc', 'default:close up', 'default:clouds', 'default:crude drawing']
[DEBUG] TagWindow: Loaded 400 tags
[DEBUG] Sample tags: ['default:anime style', 'default:cha_sc', 'default:close up', 'default:clouds', 'default:crude drawing']
[DEBUG] FilterWindow: Loaded 400 tags
[DEBUG] Sample tags: ['default:anime style', 'default:cha_sc', 'default:close up', 'default:clouds', 'default:crude drawing']
[DEBUG] TagWindow: Loaded 400 tags
[DEBUG] Sample tags: ['default:anime style', 'default:cha_sc', 'default:close up', 'default:clouds', 'default:crude drawing']
[DEBUG] FilterWindow: Loaded 400 tags
[DEBUG] Sample tags: ['default:anime style', 'default:cha_sc', 'default:close up', 'default:clouds', 'default:crude drawing']
[DEBUG] TagWindow: Loaded 400 tags
[DEBUG] Sample tags: ['default:anime style', 'default:cha_sc', 'default:close up', 'default:clouds', 'default:crude drawing']
[DEBUG] FilterWindow: Loaded 400 tags
[DEBUG] Sample tags: ['default:anime style', 'default:cha_sc', 'default:close up', 'default:clouds', 'default:crude drawing']
[DEBUG] TagWindow: Loaded 400 tags
[DEBUG] Sample tags: ['default:anime style', 'default:cha_sc', 'default:close up', 'default:clouds', 'default:crude drawing']
[DEBUG] FilterWindow: Loaded 400 tags
[DEBUG] Sample tags: ['default:anime style', 'default:cha_sc', 'default:close up', 'default:clouds', 'default:crude drawing']
[DEBUG] TagWindow: Loaded 400 tags
[DEBUG] Sample tags: ['default:anime style', 'default:cha_sc', 'default:close up', 'default:clouds', 'default:crude drawing']
[DEBUG] FilterWindow: Loaded 400 tags
[DEBUG] Sample tags: ['default:anime style', 'default:cha_sc', 'default:close up', 'default:clouds', 'default:crude drawing']
[DEBUG] TagWindow: Loaded 400 tags
[DEBUG] Sample tags: ['default:anime style', 'default:cha_sc', 'default:close up', 'default:clouds', 'default:crude drawing']
[DEBUG] FilterWindow: Loaded 400 tags
[DEBUG] Sample tags: ['default:anime style', 'default:cha_sc', 'default:close up', 'default:clouds', 'default:crude drawing']
[DEBUG] TagWindow: Loaded 400 tags
[DEBUG] Sample tags: ['default:anime style', 'default:cha_sc', 'default:close up', 'default:clouds', 'default:crude drawing']
[DEBUG] FilterWindow: Loaded 400 tags
[DEBUG] Sample tags: ['default:anime style', 'default:cha_sc', 'default:close up', 'default:clouds', 'default:crude drawing']
[DEBUG] TagWindow: Loaded 400 tags
[DEBUG] Sample tags: ['default:anime style', 'default:cha_sc', 'default:close up', 'default:clouds', 'default:crude drawing']
[DEBUG] FilterWindow: Loaded 400 tags
[DEBUG] Sample tags: ['default:anime style', 'default:cha_sc', 'default:close up', 'default:clouds', 'default:crude drawing']
[DEBUG] TagWindow: Loaded 400 tags
[DEBUG] Sample tags: ['default:anime style', 'default:cha_sc', 'default:close up', 'default:clouds', 'default:crude drawing']
[DEBUG] FilterWindow: Loaded 400 tags
[DEBUG] Sample tags: ['default:anime style', 'default:cha_sc', 'default:close up', 'default:clouds', 'default:crude drawing']
[DEBUG] TagWindow: Loaded 400 tags
[DEBUG] Sample tags: ['default:anime style', 'default:cha_sc', 'default:close up', 'default:clouds', 'default:crude drawing']
[DEBUG] FilterWindow: Loaded 400 tags
[DEBUG] Sample tags: ['default:anime style', 'default:cha_sc', 'default:close up', 'default:clouds', 'default:crude drawing']
[DEBUG] TagWindow: Loaded 400 tags
[DEBUG] Sample tags: ['default:anime style', 'default:cha_sc', 'default:close up', 'default:clouds', 'default:crude drawing']
[DEBUG] FilterWindow: Loaded 400 tags
[DEBUG] Sample tags: ['default:anime style', 'default:cha_sc', 'default:close up', 'default:clouds', 'default:crude drawing']
[DEBUG] TagWindow: Loaded 400 tags
[DEBUG] Sample tags: ['default:anime style', 'default:cha_sc', 'default:close up', 'default:clouds', 'default:crude drawing']
[DEBUG] FilterWindow: Loaded 400 tags
[DEBUG] Sample tags: ['default:anime style', 'default:cha_sc', 'default:close up', 'default:clouds', 'default:crude drawing']
[DEBUG] TagWindow: Loaded 400 tags
[DEBUG] Sample tags: ['default:anime style', 'default:cha_sc', 'default:close up', 'default:clouds', 'default:crude drawing']
[DEBUG] FilterWindow: Loaded 400 tags
[DEBUG] Sample tags: ['default:anime style', 'default:cha_sc', 'default:close up', 'default:clouds', 'default:crude drawing']
[DEBUG] TagWindow: Loaded 400 tags
[DEBUG] Sample tags: ['default:anime style', 'default:cha_sc', 'default:close up', 'default:clouds', 'default:crude drawing']
[DEBUG] FilterWindow: Loaded 400 tags
[DEBUG] Sample tags: ['default:anime style', 'default:cha_sc', 'default:close up', 'default:clouds', 'default:crude drawing']
[DEBUG] TagWindow: Loaded 400 tags
[DEBUG] Sample tags: ['default:anime style', 'default:cha_sc', 'default:close up', 'default:clouds', 'default:crude drawing']
[DEBUG] FilterWindow: Loaded 400 tags
[DEBUG] Sample tags: ['default:anime style', 'default:cha_sc', 'default:close up', 'default:clouds', 'default:crude drawing']
[DEBUG] TagWindow: Loaded 400 tags
[DEBUG] Sample tags: ['default:anime style', 'default:cha_sc', 'default:close up', 'default:clouds', 'default:crude drawing']
[DEBUG] FilterWindow: Loaded 400 tags
[DEBUG] Sample tags: ['default:anime style', 'default:cha_sc', 'default:close up', 'default:clouds', 'default:crude drawing']
[DEBUG] TagWindow: Loaded 400 tags
[DEBUG] Sample tags: ['default:anime style', 'default:cha_sc', 'default:close up', 'default:clouds', 'default:crude drawing']
[DEBUG] FilterWindow: Loaded 400 tags
[DEBUG] Sample tags: ['default:anime style', 'default:cha_sc', 'default:close up', 'default:clouds', 'default:crude drawing']
[DEBUG] TagWindow: Loaded 400 tags
[DEBUG] Sample tags: ['default:anime style', 'default:cha_sc', 'default:close up', 'default:clouds', 'default:crude drawing']
[DEBUG] FilterWindow: Loaded 400 tags
[DEBUG] Sample tags: ['default:anime style', 'default:cha_sc', 'default:close up', 'default:clouds', 'default:crude drawing']
[DEBUG] TagWindow: Loaded 400 tags
[DEBUG] Sample tags: ['default:anime style', 'default:cha_sc', 'default:close up', 'default:clouds', 'default:crude drawing']
[DEBUG] FilterWindow: Loaded 400 tags
[DEBUG] Sample tags: ['default:anime style', 'default:cha_sc', 'default:close up', 'default:clouds', 'default:crude drawing']
[DEBUG] TagWindow: Loaded 400 tags
[DEBUG] Sample tags: ['default:anime style', 'default:cha_sc', 'default:close up', 'default:clouds', 'default:crude drawing']
[DEBUG] FilterWindow: Loaded 400 tags
[DEBUG] Sample tags: ['default:anime style', 'default:cha_sc', 'default:close up', 'default:clouds', 'default:crude drawing']
[DEBUG] TagWindow: Loaded 400 tags
[DEBUG] Sample tags: ['default:anime style', 'default:cha_sc', 'default:close up', 'default:clouds', 'default:crude drawing']
[DEBUG] FilterWindow: Loaded 400 tags
[DEBUG] Sample tags: ['default:anime style', 'default:cha_sc', 'default:close up', 'default:clouds', 'default:crude drawing']
[DEBUG] TagWindow: Loaded 400 tags
[DEBUG] Sample tags: ['default:anime style', 'default:cha_sc', 'default:close up', 'default:clouds', 'default:crude drawing']
[DEBUG] FilterWindow: Loaded 400 tags
[DEBUG] Sample tags: ['default:anime style', 'default:cha_sc', 'default:close up', 'default:clouds', 'default:crude drawing']
[DEBUG] TagWindow: Loaded 400 tags
[DEBUG] Sample tags: ['default:anime style', 'default:cha_sc', 'default:close up', 'default:clouds', 'default:crude drawing']
[DEBUG] FilterWindow: Loaded 400 tags
[DEBUG] Sample tags: ['default:anime style', 'default:cha_sc', 'default:close up', 'default:clouds', 'default:crude drawing']
[DEBUG] TagWindow: Loaded 400 tags
[DEBUG] Sample tags: ['default:anime style', 'default:cha_sc', 'default:close up', 'default:clouds', 'default:crude drawing']
[DEBUG] FilterWindow: Loaded 400 tags
[DEBUG] Sample tags: ['default:anime style', 'default:cha_sc', 'default:close up', 'default:clouds', 'default:crude drawing']
[DEBUG] TagWindow: Loaded 400 tags
[DEBUG] Sample tags: ['default:anime style', 'default:cha_sc', 'default:close up', 'default:clouds', 'default:crude drawing']
[DEBUG] FilterWindow: Loaded 400 tags
[DEBUG] Sample tags: ['default:anime style', 'default:cha_sc', 'default:close up', 'default:clouds', 'default:crude drawing']
[DEBUG] TagWindow: Loaded 400 tags
[DEBUG] Sample tags: ['default:anime style', 'default:cha_sc', 'default:close up', 'default:clouds', 'default:crude drawing']
[DEBUG] FilterWindow: Loaded 400 tags
[DEBUG] Sample tags: ['default:anime style', 'default:cha_sc', 'default:close up', 'default:clouds', 'default:crude drawing']
[DEBUG] TagWindow: Loaded 400 tags
[DEBUG] Sample tags: ['default:anime style', 'default:cha_sc', 'default:close up', 'default:clouds', 'default:crude drawing']
[DEBUG] FilterWindow: Loaded 400 tags
[DEBUG] Sample tags: ['default:anime style', 'default:cha_sc', 'default:close up', 'default:clouds', 'default:crude drawing']
[DEBUG] TagWindow: Loaded 400 tags
[DEBUG] Sample tags: ['default:anime style', 'default:cha_sc', 'default:close up', 'default:clouds', 'default:crude drawing']
[DEBUG] FilterWindow: Loaded 400 tags
[DEBUG] Sample tags: ['default:anime style', 'default:cha_sc', 'default:close up', 'default:clouds', 'default:crude drawing']
[DEBUG] TagWindow: Loaded 400 tags
[DEBUG] Sample tags: ['default:anime style', 'default:cha_sc', 'default:close up', 'default:clouds', 'default:crude drawing']
[DEBUG] FilterWindow: Loaded 400 tags
[DEBUG] Sample tags: ['default:anime style', 'default:cha_sc', 'default:close up', 'default:clouds', 'default:crude drawing']
[DEBUG] TagWindow: Loaded 400 tags
[DEBUG] Sample tags: ['default:anime style', 'default:cha_sc', 'default:close up', 'default:clouds', 'default:crude drawing']
[DEBUG] FilterWindow: Loaded 400 tags
[DEBUG] Sample tags: ['default:anime style', 'default:cha_sc', 'default:close up', 'default:clouds', 'default:crude drawing']
[DEBUG] TagWindow: Loaded 400 tags
[DEBUG] Sample tags: ['default:anime style', 'default:cha_sc', 'default:close up', 'default:clouds', 'default:crude drawing']
[DEBUG] FilterWindow: Loaded 400 tags
[DEBUG] Sample tags: ['default:anime style', 'default:cha_sc', 'default:close up', 'default:clouds', 'default:crude drawing']
[DEBUG] TagWindow: Loaded 400 tags
[DEBUG] Sample tags: ['default:anime style', 'default:cha_sc', 'default:close up', 'default:clouds', 'default:crude drawing']
[DEBUG] FilterWindow: Loaded 400 tags
[DEBUG] Sample tags: ['default:anime style', 'default:cha_sc', 'default:close up', 'default:clouds', 'default:crude drawing']
[DEBUG] TagWindow: Loaded 400 tags
[DEBUG] Sample tags: ['default:anime style', 'default:cha_sc', 'default:close up', 'default:clouds', 'default:crude drawing']
[DEBUG] FilterWindow: Loaded 400 tags
[DEBUG] Sample tags: ['default:anime style', 'default:cha_sc', 'default:close up', 'default:clouds', 'default:crude drawing']
[DEBUG] TagWindow: Loaded 400 tags
[DEBUG] Sample tags: ['default:anime style', 'default:cha_sc', 'default:close up', 'default:clouds', 'default:crude drawing']
[DEBUG] FilterWindow: Loaded 400 tags
[DEBUG] Sample tags: ['default:anime style', 'default:cha_sc', 'default:close up', 'default:clouds', 'default:crude drawing']
[DEBUG] TagWindow: Loaded 400 tags
[DEBUG] Sample tags: ['default:anime style', 'default:cha_sc', 'default:close up', 'default:clouds', 'default:crude drawing']
[DEBUG] FilterWindow: Loaded 400 tags
[DEBUG] Sample tags: ['default:anime style', 'default:cha_sc', 'default:close up', 'default:clouds', 'default:crude drawing']
[DEBUG] TagWindow: Loaded 400 tags
[DEBUG] Sample tags: ['default:anime style', 'default:cha_sc', 'default:close up', 'default:clouds', 'default:crude drawing']
[DEBUG] FilterWindow: Loaded 400 tags
[DEBUG] Sample tags: ['default:anime style', 'default:cha_sc', 'default:close up', 'default:clouds', 'default:crude drawing']
[DEBUG] TagWindow: Loaded 400 tags
[DEBUG] Sample tags: ['default:anime style', 'default:cha_sc', 'default:close up', 'default:clouds', 'default:crude drawing']
[DEBUG] FilterWindow: Loaded 400 tags
[DEBUG] Sample tags: ['default:anime style', 'default:cha_sc', 'default:close up', 'default:clouds', 'default:crude drawing']
[DEBUG] TagWindow: Loaded 400 tags
[DEBUG] Sample tags: ['default:anime style', 'default:cha_sc', 'default:close up', 'default:clouds', 'default:crude drawing']
[DEBUG] FilterWindow: Loaded 400 tags
[DEBUG] Sample tags: ['default:anime style', 'default:cha_sc', 'default:close up', 'default:clouds', 'default:crude drawing']
[DEBUG] TagWindow: Loaded 400 tags
[DEBUG] Sample tags: ['default:anime style', 'default:cha_sc', 'default:close up', 'default:clouds', 'default:crude drawing']
[DEBUG] FilterWindow: Loaded 400 tags
[DEBUG] Sample tags: ['default:anime style', 'default:cha_sc', 'default:close up', 'default:clouds', 'default:crude drawing']
[DEBUG] TagWindow: Loaded 400 tags
[DEBUG] Sample tags: ['default:anime style', 'default:cha_sc', 'default:close up', 'default:clouds', 'default:crude drawing']
[DEBUG] FilterWindow: Loaded 400 tags
[DEBUG] Sample tags: ['default:anime style', 'default:cha_sc', 'default:close up', 'default:clouds', 'default:crude drawing']
[DEBUG] TagWindow: Loaded 400 tags
[DEBUG] Sample tags: ['default:anime style', 'default:cha_sc', 'default:close up', 'default:clouds', 'default:crude drawing']
[DEBUG] FilterWindow: Loaded 400 tags
[DEBUG] Sample tags: ['default:anime style', 'default:cha_sc', 'default:close up', 'default:clouds', 'default:crude drawing']
[DEBUG] TagWindow: Loaded 400 tags
[DEBUG] Sample tags: ['default:anime style', 'default:cha_sc', 'default:close up', 'default:clouds', 'default:crude drawing']
[DEBUG] FilterWindow: Loaded 400 tags
[DEBUG] Sample tags: ['default:anime style', 'default:cha_sc', 'default:close up', 'default:clouds', 'default:crude drawing']
[DEBUG] TagWindow: Loaded 400 tags
[DEBUG] Sample tags: ['default:anime style', 'default:cha_sc', 'default:close up', 'default:clouds', 'default:crude drawing']
[DEBUG] FilterWindow: Loaded 400 tags
[DEBUG] Sample tags: ['default:anime style', 'default:cha_sc', 'default:close up', 'default:clouds', 'default:crude drawing']
[DEBUG] TagWindow: Loaded 400 tags
[DEBUG] Sample tags: ['default:anime style', 'default:cha_sc', 'default:close up', 'default:clouds', 'default:crude drawing']
[DEBUG] FilterWindow: Loaded 400 tags
[DEBUG] Sample tags: ['default:anime style', 'default:cha_sc', 'default:close up', 'default:clouds', 'default:crude drawing']
[DEBUG] TagWindow: Loaded 400 tags
[DEBUG] Sample tags: ['default:anime style', 'default:cha_sc', 'default:close up', 'default:clouds', 'default:crude drawing']
[DEBUG] FilterWindow: Loaded 400 tags
[DEBUG] Sample tags: ['default:anime style', 'default:cha_sc', 'default:close up', 'default:clouds', 'default:crude drawing']
[DEBUG] TagWindow: Loaded 400 tags
[DEBUG] Sample tags: ['default:anime style', 'default:cha_sc', 'default:close up', 'default:clouds', 'default:crude drawing']
[DEBUG] FilterWindow: Loaded 400 tags
[DEBUG] Sample tags: ['default:anime style', 'default:cha_sc', 'default:close up', 'default:clouds', 'default:crude drawing']
[DEBUG] TagWindow: Loaded 400 tags
[DEBUG] Sample tags: ['default:anime style', 'default:cha_sc', 'default:close up', 'default:clouds', 'default:crude drawing']
[DEBUG] FilterWindow: Loaded 400 tags
[DEBUG] Sample tags: ['default:anime style', 'default:cha_sc', 'default:close up', 'default:clouds', 'default:crude drawing']
[DEBUG] TagWindow: Loaded 400 tags
[DEBUG] Sample tags: ['default:anime style', 'default:cha_sc', 'default:close up', 'default:clouds', 'default:crude drawing']
[DEBUG] FilterWindow: Loaded 400 tags
[DEBUG] Sample tags: ['default:anime style', 'default:cha_sc', 'default:close up', 'default:clouds', 'default:crude drawing']
[DEBUG] TagWindow: Loaded 400 tags
[DEBUG] Sample tags: ['default:anime style', 'default:cha_sc', 'default:close up', 'default:clouds', 'default:crude drawing']
[DEBUG] FilterWindow: Loaded 400 tags
[DEBUG] Sample tags: ['default:anime style', 'default:cha_sc', 'default:close up', 'default:clouds', 'default:crude drawing']
[DEBUG] TagWindow: Loaded 400 tags
[DEBUG] Sample tags: ['default:anime style', 'default:cha_sc', 'default:close up', 'default:clouds', 'default:crude drawing']
[DEBUG] FilterWindow: Loaded 400 tags
[DEBUG] Sample tags: ['default:anime style', 'default:cha_sc', 'default:close up', 'default:clouds', 'default:crude drawing']
[DEBUG] TagWindow: Loaded 400 tags
[DEBUG] Sample tags: ['default:anime style', 'default:cha_sc', 'default:close up', 'default:clouds', 'default:crude drawing']
[DEBUG] FilterWindow: Loaded 400 tags
[DEBUG] Sample tags: ['default:anime style', 'default:cha_sc', 'default:close up', 'default:clouds', 'default:crude drawing']
[DEBUG] TagWindow: Loaded 400 tags
[DEBUG] Sample tags: ['default:anime style', 'default:cha_sc', 'default:close up', 'default:clouds', 'default:crude drawing']
[DEBUG] FilterWindow: Loaded 400 tags
[DEBUG] Sample tags: ['default:anime style', 'default:cha_sc', 'default:close up', 'default:clouds', 'default:crude drawing']
[DEBUG] TagWindow: Loaded 400 tags
[DEBUG] Sample tags: ['default:anime style', 'default:cha_sc', 'default:close up', 'default:clouds', 'default:crude drawing']
[DEBUG] FilterWindow: Loaded 400 tags
[DEBUG] Sample tags: ['default:anime style', 'default:cha_sc', 'default:close up', 'default:clouds', 'default:crude drawing']
[DEBUG] TagWindow: Loaded 400 tags
[DEBUG] Sample tags: ['default:anime style', 'default:cha_sc', 'default:close up', 'default:clouds', 'default:crude drawing']
[DEBUG] FilterWindow: Loaded 400 tags
[DEBUG] Sample tags: ['default:anime style', 'default:cha_sc', 'default:close up', 'default:clouds', 'default:crude drawing']
[DEBUG] TagWindow: Loaded 400 tags
[DEBUG] Sample tags: ['default:anime style', 'default:cha_sc', 'default:close up', 'default:clouds', 'default:crude drawing']
[DEBUG] FilterWindow: Loaded 400 tags
[DEBUG] Sample tags: ['default:anime style', 'default:cha_sc', 'default:close up', 'default:clouds', 'default:crude drawing']
[DEBUG] TagWindow: Loaded 400 tags
[DEBUG] Sample tags: ['default:anime style', 'default:cha_sc', 'default:close up', 'default:clouds', 'default:crude drawing']
[DEBUG] FilterWindow: Loaded 400 tags
[DEBUG] Sample tags: ['default:anime style', 'default:cha_sc', 'default:close up', 'default:clouds', 'default:crude drawing']
[DEBUG] TagWindow: Loaded 400 tags
[DEBUG] Sample tags: ['default:anime style', 'default:cha_sc', 'default:close up', 'default:clouds', 'default:crude drawing']
[DEBUG] FilterWindow: Loaded 400 tags
[DEBUG] Sample tags: ['default:anime style', 'default:cha_sc', 'default:close up', 'default:clouds', 'default:crude drawing']
[DEBUG] TagWindow: Loaded 400 tags
[DEBUG] Sample tags: ['default:anime style', 'default:cha_sc', 'default:close up', 'default:clouds', 'default:crude drawing']
[DEBUG] FilterWindow: Loaded 400 tags
[DEBUG] Sample tags: ['default:anime style', 'default:cha_sc', 'default:close up', 'default:clouds', 'default:crude drawing']
[DEBUG] TagWindow: Loaded 400 tags
[DEBUG] Sample tags: ['default:anime style', 'default:cha_sc', 'default:close up', 'default:clouds', 'default:crude drawing']
[DEBUG] FilterWindow: Loaded 400 tags
[DEBUG] Sample tags: ['default:anime style', 'default:cha_sc', 'default:close up', 'default:clouds', 'default:crude drawing']
[DEBUG] TagWindow: Loaded 400 tags
[DEBUG] Sample tags: ['default:anime style', 'default:cha_sc', 'default:close up', 'default:clouds', 'default:crude drawing']
[DEBUG] FilterWindow: Loaded 400 tags
[DEBUG] Sample tags: ['default:anime style', 'default:cha_sc', 'default:close up', 'default:clouds', 'default:crude drawing']
[DEBUG] TagWindow: Loaded 400 tags
[DEBUG] Sample tags: ['default:anime style', 'default:cha_sc', 'default:close up', 'default:clouds', 'default:crude drawing']
[DEBUG] FilterWindow: Loaded 400 tags
[DEBUG] Sample tags: ['default:anime style', 'default:cha_sc', 'default:close up', 'default:clouds', 'default:crude drawing']
[DEBUG] TagWindow: Loaded 400 tags
[DEBUG] Sample tags: ['default:anime style', 'default:cha_sc', 'default:close up', 'default:clouds', 'default:crude drawing']
[DEBUG] FilterWindow: Loaded 400 tags
[DEBUG] Sample tags: ['default:anime style', 'default:cha_sc', 'default:close up', 'default:clouds', 'default:crude drawing']
[DEBUG] TagWindow: Loaded 400 tags
[DEBUG] Sample tags: ['default:anime style', 'default:cha_sc', 'default:close up', 'default:clouds', 'default:crude drawing']
[DEBUG] FilterWindow: Loaded 400 tags
[DEBUG] Sample tags: ['default:anime style', 'default:cha_sc', 'default:close up', 'default:clouds', 'default:crude drawing']
[DEBUG] TagWindow: Loaded 400 tags
[DEBUG] Sample tags: ['default:anime style', 'default:cha_sc', 'default:close up', 'default:clouds', 'default:crude drawing']
[DEBUG] FilterWindow: Loaded 400 tags
[DEBUG] Sample tags: ['default:anime style', 'default:cha_sc', 'default:close up', 'default:clouds', 'default:crude drawing']
[DEBUG] TagWindow: Loaded 400 tags
[DEBUG] Sample tags: ['default:anime style', 'default:cha_sc', 'default:close up', 'default:clouds', 'default:crude drawing']
[DEBUG] FilterWindow: Loaded 400 tags
[DEBUG] Sample tags: ['default:anime style', 'default:cha_sc', 'default:close up', 'default:clouds', 'default:crude drawing']
[DEBUG] TagWindow: Loaded 400 tags
[DEBUG] Sample tags: ['default:anime style', 'default:cha_sc', 'default:close up', 'default:clouds', 'default:crude drawing']
[DEBUG] FilterWindow: Loaded 400 tags
[DEBUG] Sample tags: ['default:anime style', 'default:cha_sc', 'default:close up', 'default:clouds', 'default:crude drawing']
[DEBUG] TagWindow: Loaded 400 tags
[DEBUG] Sample tags: ['default:anime style', 'default:cha_sc', 'default:close up', 'default:clouds', 'default:crude drawing']
[DEBUG] FilterWindow: Loaded 400 tags
[DEBUG] Sample tags: ['default:anime style', 'default:cha_sc', 'default:close up', 'default:clouds', 'default:crude drawing']
[DEBUG] TagWindow: Loaded 400 tags
[DEBUG] Sample tags: ['default:anime style', 'default:cha_sc', 'default:close up', 'default:clouds', 'default:crude drawing']
[DEBUG] FilterWindow: Loaded 400 tags
[DEBUG] Sample tags: ['default:anime style', 'default:cha_sc', 'default:close up', 'default:clouds', 'default:crude drawing']
[DEBUG] TagWindow: Loaded 400 tags
[DEBUG] Sample tags: ['default:anime style', 'default:cha_sc', 'default:close up', 'default:clouds', 'default:crude drawing']
[DEBUG] FilterWindow: Loaded 400 tags
[DEBUG] Sample tags: ['default:anime style', 'default:cha_sc', 'default:close up', 'default:clouds', 'default:crude drawing']
[DEBUG] TagWindow: Loaded 400 tags
[DEBUG] Sample tags: ['default:anime style', 'default:cha_sc', 'default:close up', 'default:clouds', 'default:crude drawing']
[DEBUG] FilterWindow: Loaded 400 tags
[DEBUG] Sample tags: ['default:anime style', 'default:cha_sc', 'default:close up', 'default:clouds', 'default:crude drawing']
[DEBUG] TagWindow: Loaded 400 tags
[DEBUG] Sample tags: ['default:anime style', 'default:cha_sc', 'default:close up', 'default:clouds', 'default:crude drawing']
[DEBUG] FilterWindow: Loaded 400 tags
[DEBUG] Sample tags: ['default:anime style', 'default:cha_sc', 'default:close up', 'default:clouds', 'default:crude drawing']
[DEBUG] TagWindow: Loaded 400 tags
[DEBUG] Sample tags: ['default:anime style', 'default:cha_sc', 'default:close up', 'default:clouds', 'default:crude drawing']
[DEBUG] FilterWindow: Loaded 400 tags
[DEBUG] Sample tags: ['default:anime style', 'default:cha_sc', 'default:close up', 'default:clouds', 'default:crude drawing']
[DEBUG] TagWindow: Loaded 400 tags
[DEBUG] Sample tags: ['default:anime style', 'default:cha_sc', 'default:close up', 'default:clouds', 'default:crude drawing']
[DEBUG] FilterWindow: Loaded 400 tags
[DEBUG] Sample tags: ['default:anime style', 'default:cha_sc', 'default:close up', 'default:clouds', 'default:crude drawing']
[DEBUG] TagWindow: Loaded 400 tags
[DEBUG] Sample tags: ['default:anime style', 'default:cha_sc', 'default:close up', 'default:clouds', 'default:crude drawing']
[DEBUG] FilterWindow: Loaded 400 tags
[DEBUG] Sample tags: ['default:anime style', 'default:cha_sc', 'default:close up', 'default:clouds', 'default:crude drawing']
[DEBUG] TagWindow: Loaded 400 tags
[DEBUG] Sample tags: ['default:anime style', 'default:cha_sc', 'default:close up', 'default:clouds', 'default:crude drawing']
[DEBUG] FilterWindow: Loaded 400 tags
[DEBUG] Sample tags: ['default:anime style', 'default:cha_sc', 'default:close up', 'default:clouds', 'default:crude drawing']
[DEBUG] TagWindow: Loaded 400 tags
[DEBUG] Sample tags: ['default:anime style', 'default:cha_sc', 'default:close up', 'default:clouds', 'default:crude drawing']
[DEBUG] FilterWindow: Loaded 400 tags
[DEBUG] Sample tags: ['default:anime style', 'default:cha_sc', 'default:close up', 'default:clouds', 'default:crude drawing']
[DEBUG] TagWindow: Loaded 400 tags
[DEBUG] Sample tags: ['default:anime style', 'default:cha_sc', 'default:close up', 'default:clouds', 'default:crude drawing']
[DEBUG] FilterWindow: Loaded 400 tags
[DEBUG] Sample tags: ['default:anime style', 'default:cha_sc', 'default:close up', 'default:clouds', 'default:crude drawing']
[DEBUG] TagWindow: Loaded 400 tags
[DEBUG] Sample tags: ['default:anime style', 'default:cha_sc', 'default:close up', 'default:clouds', 'default:crude drawing']
[DEBUG] FilterWindow: Loaded 400 tags
[DEBUG] Sample tags: ['default:anime style', 'default:cha_sc', 'default:close up', 'default:clouds', 'default:crude drawing']
[DEBUG] TagWindow: Loaded 400 tags
[DEBUG] Sample tags: ['default:anime style', 'default:cha_sc', 'default:close up', 'default:clouds', 'default:crude drawing']
[DEBUG] FilterWindow: Loaded 400 tags
[DEBUG] Sample tags: ['default:anime style', 'default:cha_sc', 'default:close up', 'default:clouds', 'default:crude drawing']
[DEBUG] TagWindow: Loaded 400 tags
[DEBUG] Sample tags: ['default:anime style', 'default:cha_sc', 'default:close up', 'default:clouds', 'default:crude drawing']
[DEBUG] FilterWindow: Loaded 400 tags
[DEBUG] Sample tags: ['default:anime style', 'default:cha_sc', 'default:close up', 'default:clouds', 'default:crude drawing']
[DEBUG] TagWindow: Loaded 400 tags
[DEBUG] Sample tags: ['default:anime style', 'default:cha_sc', 'default:close up', 'default:clouds', 'default:crude drawing']
[DEBUG] FilterWindow: Loaded 400 tags
[DEBUG] Sample tags: ['default:anime style', 'default:cha_sc', 'default:close up', 'default:clouds', 'default:crude drawing']
[DEBUG] TagWindow: Loaded 400 tags
[DEBUG] Sample tags: ['default:anime style', 'default:cha_sc', 'default:close up', 'default:clouds', 'default:crude drawing']
[DEBUG] FilterWindow: Loaded 400 tags
[DEBUG] Sample tags: ['default:anime style', 'default:cha_sc', 'default:close up', 'default:clouds', 'default:crude drawing']
[DEBUG] TagWindow: Loaded 400 tags
[DEBUG] Sample tags: ['default:anime style', 'default:cha_sc', 'default:close up', 'default:clouds', 'default:crude drawing']
[DEBUG] FilterWindow: Loaded 400 tags
[DEBUG] Sample tags: ['default:anime style', 'default:cha_sc', 'default:close up', 'default:clouds', 'default:crude drawing']
[DEBUG] TagWindow: Loaded 400 tags
[DEBUG] Sample tags: ['default:anime style', 'default:cha_sc', 'default:close up', 'default:clouds', 'default:crude drawing']
[DEBUG] FilterWindow: Loaded 400 tags
[DEBUG] Sample tags: ['default:anime style', 'default:cha_sc', 'default:close up', 'default:clouds', 'default:crude drawing']
[DEBUG] TagWindow: Loaded 400 tags
[DEBUG] Sample tags: ['default:anime style', 'default:cha_sc', 'default:close up', 'default:clouds', 'default:crude drawing']
[DEBUG] FilterWindow: Loaded 400 tags
[DEBUG] Sample tags: ['default:anime style', 'default:cha_sc', 'default:close up', 'default:clouds', 'default:crude drawing']
[DEBUG] TagWindow: Loaded 400 tags
[DEBUG] Sample tags: ['default:anime style', 'default:cha_sc', 'default:close up', 'default:clouds', 'default:crude drawing']
[DEBUG] FilterWindow: Loaded 400 tags
[DEBUG] Sample tags: ['default:anime style', 'default:cha_sc', 'default:close up', 'default:clouds', 'default:crude drawing']
[DEBUG] TagWindow: Loaded 400 tags
[DEBUG] Sample tags: ['default:anime style', 'default:cha_sc', 'default:close up', 'default:clouds', 'default:crude drawing']
[DEBUG] FilterWindow: Loaded 400 tags
[DEBUG] Sample tags: ['default:anime style', 'default:cha_sc', 'default:close up', 'default:clouds', 'default:crude drawing']
[DEBUG] TagWindow: Loaded 400 tags
[DEBUG] Sample tags: ['default:anime style', 'default:cha_sc', 'default:close up', 'default:clouds', 'default:crude drawing']
[DEBUG] FilterWindow: Loaded 400 tags
[DEBUG] Sample tags: ['default:anime style', 'default:cha_sc', 'default:close up', 'default:clouds', 'default:crude drawing']
[DEBUG] TagWindow: Loaded 400 tags
[DEBUG] Sample tags: ['default:anime style', 'default:cha_sc', 'default:close up', 'default:clouds', 'default:crude drawing']
[DEBUG] FilterWindow: Loaded 400 tags
[DEBUG] Sample tags: ['default:anime style', 'default:cha_sc', 'default:close up', 'default:clouds', 'default:crude drawing']
[DEBUG] TagWindow: Loaded 400 tags
[DEBUG] Sample tags: ['default:anime style', 'default:cha_sc', 'default:close up', 'default:clouds', 'default:crude drawing']
[DEBUG] FilterWindow: Loaded 400 tags
[DEBUG] Sample tags: ['default:anime style', 'default:cha_sc', 'default:close up', 'default:clouds', 'default:crude drawing']
[DEBUG] TagWindow: Loaded 400 tags
[DEBUG] Sample tags: ['default:anime style', 'default:cha_sc', 'default:close up', 'default:clouds', 'default:crude drawing']
[DEBUG] FilterWindow: Loaded 400 tags
[DEBUG] Sample tags: ['default:anime style', 'default:cha_sc', 'default:close up', 'default:clouds', 'default:crude drawing']
[DEBUG] TagWindow: Loaded 400 tags
[DEBUG] Sample tags: ['default:anime style', 'default:cha_sc', 'default:close up', 'default:clouds', 'default:crude drawing']
[DEBUG] FilterWindow: Loaded 400 tags
[DEBUG] Sample tags: ['default:anime style', 'default:cha_sc', 'default:close up', 'default:clouds', 'default:crude drawing']
[DEBUG] TagWindow: Loaded 400 tags
[DEBUG] Sample tags: ['default:anime style', 'default:cha_sc', 'default:close up', 'default:clouds', 'default:crude drawing']
[DEBUG] FilterWindow: Loaded 400 tags
[DEBUG] Sample tags: ['default:anime style', 'default:cha_sc', 'default:close up', 'default:clouds', 'default:crude drawing']
[DEBUG] TagWindow: Loaded 400 tags
[DEBUG] Sample tags: ['default:anime style', 'default:cha_sc', 'default:close up', 'default:clouds', 'default:crude drawing']
[DEBUG] FilterWindow: Loaded 400 tags
[DEBUG] Sample tags: ['default:anime style', 'default:cha_sc', 'default:close up', 'default:clouds', 'default:crude drawing']
[DEBUG] TagWindow: Loaded 400 tags
[DEBUG] Sample tags: ['default:anime style', 'default:cha_sc', 'default:close up', 'default:clouds', 'default:crude drawing']
[DEBUG] FilterWindow: Loaded 400 tags
[DEBUG] Sample tags: ['default:anime style', 'default:cha_sc', 'default:close up', 'default:clouds', 'default:crude drawing']
[DEBUG] TagWindow: Loaded 400 tags
[DEBUG] Sample tags: ['default:anime style', 'default:cha_sc', 'default:close up', 'default:clouds', 'default:crude drawing']
[DEBUG] FilterWindow: Loaded 400 tags
[DEBUG] Sample tags: ['default:anime style', 'default:cha_sc', 'default:close up', 'default:clouds', 'default:crude drawing']
[DEBUG] TagWindow: Loaded 400 tags
[DEBUG] Sample tags: ['default:anime style', 'default:cha_sc', 'default:close up', 'default:clouds', 'default:crude drawing']
[DEBUG] FilterWindow: Loaded 400 tags
[DEBUG] Sample tags: ['default:anime style', 'default:cha_sc', 'default:close up', 'default:clouds', 'default:crude drawing']
[DEBUG] TagWindow: Loaded 400 tags
[DEBUG] Sample tags: ['default:anime style', 'default:cha_sc', 'default:close up', 'default:clouds', 'default:crude drawing']
[DEBUG] FilterWindow: Loaded 400 tags
[DEBUG] Sample tags: ['default:anime style', 'default:cha_sc', 'default:close up', 'default:clouds', 'default:crude drawing']
[DEBUG] TagWindow: Loaded 400 tags
[DEBUG] Sample tags: ['default:anime style', 'default:cha_sc', 'default:close up', 'default:clouds', 'default:crude drawing']
[DEBUG] FilterWindow: Loaded 400 tags
[DEBUG] Sample tags: ['default:anime style', 'default:cha_sc', 'default:close up', 'default:clouds', 'default:crude drawing']
[DEBUG] TagWindow: Loaded 400 tags
[DEBUG] Sample tags: ['default:anime style', 'default:cha_sc', 'default:close up', 'default:clouds', 'default:crude drawing']
[DEBUG] FilterWindow: Loaded 400 tags
[DEBUG] Sample tags: ['default:anime style', 'default:cha_sc', 'default:close up', 'default:clouds', 'default:crude drawing']
[DEBUG] TagWindow: Loaded 400 tags
[DEBUG] Sample tags: ['default:anime style', 'default:cha_sc', 'default:close up', 'default:clouds', 'default:crude drawing']
[DEBUG] FilterWindow: Loaded 400 tags
[DEBUG] Sample tags: ['default:anime style', 'default:cha_sc', 'default:close up', 'default:clouds', 'default:crude drawing']
[DEBUG] TagWindow: Loaded 400 tags
[DEBUG] Sample tags: ['default:anime style', 'default:cha_sc', 'default:close up', 'default:clouds', 'default:crude drawing']
[DEBUG] FilterWindow: Loaded 400 tags
[DEBUG] Sample tags: ['default:anime style', 'default:cha_sc', 'default:close up', 'default:clouds', 'default:crude drawing']
[DEBUG] TagWindow: Loaded 400 tags
[DEBUG] Sample tags: ['default:anime style', 'default:cha_sc', 'default:close up', 'default:clouds', 'default:crude drawing']
[DEBUG] FilterWindow: Loaded 400 tags
[DEBUG] Sample tags: ['default:anime style', 'default:cha_sc', 'default:close up', 'default:clouds', 'default:crude drawing']
[DEBUG] TagWindow: Loaded 400 tags
[DEBUG] Sample tags: ['default:anime style', 'default:cha_sc', 'default:close up', 'default:clouds', 'default:crude drawing']
[DEBUG] FilterWindow: Loaded 400 tags
[DEBUG] Sample tags: ['default:anime style', 'default:cha_sc', 'default:close up', 'default:clouds', 'default:crude drawing']
[DEBUG] TagWindow: Loaded 400 tags
[DEBUG] Sample tags: ['default:anime style', 'default:cha_sc', 'default:close up', 'default:clouds', 'default:crude drawing']
[DEBUG] FilterWindow: Loaded 400 tags
[DEBUG] Sample tags: ['default:anime style', 'default:cha_sc', 'default:close up', 'default:clouds', 'default:crude drawing']
[DEBUG] TagWindow: Loaded 400 tags
[DEBUG] Sample tags: ['default:anime style', 'default:cha_sc', 'default:close up', 'default:clouds', 'default:crude drawing']
[DEBUG] FilterWindow: Loaded 400 tags
[DEBUG] Sample tags: ['default:anime style', 'default:cha_sc', 'default:close up', 'default:clouds', 'default:crude drawing']
[DEBUG] TagWindow: Loaded 400 tags
[DEBUG] Sample tags: ['default:anime style', 'default:cha_sc', 'default:close up', 'default:clouds', 'default:crude drawing']
[DEBUG] FilterWindow: Loaded 400 tags
[DEBUG] Sample tags: ['default:anime style', 'default:cha_sc', 'default:close up', 'default:clouds', 'default:crude drawing']
[DEBUG] TagWindow: Loaded 400 tags
[DEBUG] Sample tags: ['default:anime style', 'default:cha_sc', 'default:close up', 'default:clouds', 'default:crude drawing']
[DEBUG] FilterWindow: Loaded 400 tags
[DEBUG] Sample tags: ['default:anime style', 'default:cha_sc', 'default:close up', 'default:clouds', 'default:crude drawing']
[DEBUG] TagWindow: Loaded 400 tags
[DEBUG] Sample tags: ['default:anime style', 'default:cha_sc', 'default:close up', 'default:clouds', 'default:crude drawing']
[DEBUG] FilterWindow: Loaded 400 tags
[DEBUG] Sample tags: ['default:anime style', 'default:cha_sc', 'default:close up', 'default:clouds', 'default:crude drawing']
[DEBUG] TagWindow: Loaded 400 tags
[DEBUG] Sample tags: ['default:anime style', 'default:cha_sc', 'default:close up', 'default:clouds', 'default:crude drawing']
[DEBUG] FilterWindow: Loaded 400 tags
[DEBUG] Sample tags: ['default:anime style', 'default:cha_sc', 'default:close up', 'default:clouds', 'default:crude drawing']
[DEBUG] TagWindow: Loaded 400 tags
[DEBUG] Sample tags: ['default:anime style', 'default:cha_sc', 'default:close up', 'default:clouds', 'default:crude drawing']
[DEBUG] FilterWindow: Loaded 400 tags
[DEBUG] Sample tags: ['default:anime style', 'default:cha_sc', 'default:close up', 'default:clouds', 'default:crude drawing']
[DEBUG] TagWindow: Loaded 400 tags
[DEBUG] Sample tags: ['default:anime style', 'default:cha_sc', 'default:close up', 'default:clouds', 'default:crude drawing']
[DEBUG] FilterWindow: Loaded 400 tags
[DEBUG] Sample tags: ['default:anime style', 'default:cha_sc', 'default:close up', 'default:clouds', 'default:crude drawing']
[DEBUG] TagWindow: Loaded 400 tags
[DEBUG] Sample tags: ['default:anime style', 'default:cha_sc', 'default:close up', 'default:clouds', 'default:crude drawing']
[DEBUG] FilterWindow: Loaded 400 tags
[DEBUG] Sample tags: ['default:anime style', 'default:cha_sc', 'default:close up', 'default:clouds', 'default:crude drawing']
[DEBUG] TagWindow: Loaded 400 tags
[DEBUG] Sample tags: ['default:anime style', 'default:cha_sc', 'default:close up', 'default:clouds', 'default:crude drawing']
[DEBUG] FilterWindow: Loaded 400 tags
[DEBUG] Sample tags: ['default:anime style', 'default:cha_sc', 'default:close up', 'default:clouds', 'default:crude drawing']
[DEBUG] TagWindow: Loaded 400 tags
[DEBUG] Sample tags: ['default:anime style', 'default:cha_sc', 'default:close up', 'default:clouds', 'default:crude drawing']
